<?xml version="1.0" encoding="UTF-8"?>
<testsuite name="DollerCalculratorTest" tests="4" skipped="0" failures="0" errors="0" timestamp="2022-05-21T14:32:36" hostname="DESKTOP-5P3M1DB" time="0.795">
  <properties/>
  <testcase name="dollerTest()" classname="DollerCalculratorTest" time="0.77"/>
  <testcase name="testHello()" classname="DollerCalculratorTest" time="0.008"/>
  <testcase name="mockTest()" classname="DollerCalculratorTest" time="0.01"/>
  <testcase name="krwTest()" classname="DollerCalculratorTest" time="0.004"/>
  <system-out><![CDATA[hello
]]></system-out>
  <system-err><![CDATA[]]></system-err>
</testsuite>
